[2026-04-08T12:59:16Z] === ENRICH ITERATION 3 START | repo=junit-team/junit4 sha=05fe2a64 ===
[2026-04-08T12:59:16Z] [iter=3] PHASE START: enrich repo=junit-team/junit4 sha=05fe2a64 runlog=/home/runner/work/forx/forx/storage/aggregate/lsp/logs/05fe2a64-enrich-iter-003.log output=/home/runner/work/forx/forx/storage/aggregate/lsp/05fe2a64f59127c02135be22f416e91260d6ede6.nq.gz
[2026-04-08T12:59:19Z] [iter=3] Step 1: Loading AST into disk-backed store mem_mb=78 MB
[2026-04-08T12:59:28Z] [iter=3] AST store loaded triples=1327351 load_secs=9 mem_mb=976 MB
[2026-04-08T12:59:28Z] [iter=3] Step 2: Finding LSP targets mem_mb=976 MB
[2026-04-08T12:59:33Z] [iter=3] LSP targets found call_sites=11318 imports=3215 extends=465 implements=0 secs=5
[2026-04-08T12:59:34Z] [iter=3] Loaded checkpoint partial graph triples=35788
[2026-04-08T12:59:39Z] [iter=3] Step 2.7: Building position index (one-shot, shared across resolvers) mem_mb=976 MB
[2026-04-08T12:59:46Z] [iter=3] Position index built positions=87536 nodes_with_types=112253 secs=7 mem_mb=976 MB
[2026-04-08T12:59:46Z] [iter=3] Step 3: Starting LSP resolution mem_mb=976 MB already_completed_types=[] already_completed_files=100
[2026-04-08T12:59:46Z] [iter=3] Resolving target type target_type=call_site count=11318
[2026-04-08T13:00:01Z] [iter=3] HEARTBEAT target_type=call_site elapsed_min=0.8 files_done=0 resolved=0 errors=0 current=src/main/java/junit/runner/BaseTestRunner.java
[2026-04-08T13:00:34Z] [iter=3] HEARTBEAT target_type=call_site elapsed_min=1.3 files_done=1 resolved=7 errors=65 current=src/test/java/org/junit/tests/validation/BadlyFormedClassesTest.java
[2026-04-08T13:01:14Z] [iter=3] HEARTBEAT target_type=call_site elapsed_min=2.0 files_done=6 resolved=32 errors=156 current=src/test/java/org/junit/experimental/categories/CategoryValidatorTest.java
[2026-04-08T13:01:47Z] [iter=3] HEARTBEAT target_type=call_site elapsed_min=2.5 files_done=10 resolved=46 errors=225 current=src/test/java/org/junit/tests/experimental/max/MaxStarterTest.java
[2026-04-08T13:02:44Z] [iter=3] HEARTBEAT target_type=call_site elapsed_min=3.5 files_done=11 resolved=61 errors=343 current=src/test/java/junit/tests/framework/DoublePrecisionAssertTest.java
[2026-04-08T13:03:46Z] [iter=3] HEARTBEAT target_type=call_site elapsed_min=4.5 files_done=13 resolved=82 errors=478 current=src/main/java/org/junit/rules/TemporaryFolder.java
[2026-04-08T13:04:18Z] [iter=3] HEARTBEAT target_type=call_site elapsed_min=5.0 files_done=15 resolved=114 errors=551 current=src/main/java/org/junit/runners/model/RunnerBuilder.java
[2026-04-08T13:04:51Z] [iter=3] HEARTBEAT target_type=call_site elapsed_min=5.6 files_done=20 resolved=120 errors=625 current=src/test/java/org/junit/tests/junit3compatibility/ClassRequestTest.java
[2026-04-08T13:05:30Z] [iter=3] HEARTBEAT target_type=call_site elapsed_min=6.2 files_done=25 resolved=128 errors=714 current=src/main/java/junit/textui/ResultPrinter.java
[2026-04-08T13:06:08Z] [iter=3] HEARTBEAT target_type=call_site elapsed_min=6.9 files_done=27 resolved=131 errors=802 current=src/main/java/junit/framework/TestResult.java
[2026-04-08T13:07:46Z] [iter=3] HEARTBEAT target_type=call_site elapsed_min=8.5 files_done=29 resolved=154 errors=911 current=src/test/java/org/junit/rules/NameRulesTest.java
[2026-04-08T13:08:16Z] [iter=3] HEARTBEAT target_type=call_site elapsed_min=9.0 files_done=32 resolved=159 errors=980 current=src/main/java/org/junit/runners/model/TestClass.java
[2026-04-08T13:09:06Z] [iter=3] HEARTBEAT target_type=call_site elapsed_min=9.8 files_done=34 resolved=171 errors=1094 current=src/main/java/org/junit/validator/AnnotationsValidator.java
[2026-04-08T13:09:56Z] [iter=3] HEARTBEAT target_type=call_site elapsed_min=10.7 files_done=39 resolved=189 errors=1208 current=src/test/java/org/junit/runners/parameterized/ParameterizedNamesTest.java
[2026-04-08T13:10:34Z] [iter=3] HEARTBEAT target_type=call_site elapsed_min=11.3 files_done=40 resolved=190 errors=1216 current=src/test/java/org/junit/tests/running/methods/AnnotationTest.java
[2026-04-08T13:11:35Z] [iter=3] HEARTBEAT target_type=call_site elapsed_min=12.3 files_done=41 resolved=198 errors=1354 current=src/main/java/org/junit/runners/parameterized/BlockJUnit4ClassRunnerWithParameters.java
[2026-04-08T13:12:07Z] [iter=3] HEARTBEAT target_type=call_site elapsed_min=12.9 files_done=42 resolved=198 errors=1427 current=src/main/java/org/junit/internal/runners/statements/RunBefores.java
[2026-04-08T13:12:42Z] [iter=3] HEARTBEAT target_type=call_site elapsed_min=13.4 files_done=48 resolved=235 errors=1506 current=src/main/java/org/junit/rules/Timeout.java
[2026-04-08T13:12:51Z] [iter=3] CHECKPOINT TRIGGERED elapsed_min=13.6 files_completed=150 new_files_this_iter=50 mem_mb=976 MB
[2026-04-08T13:12:51Z] [iter=3] Writing partial enrichment graph path=/home/runner/work/forx/forx/storage/aggregate/lsp/05fe2a64f59127c02135be22f416e91260d6ede6.nq.gz triples=45002
[2026-04-08T13:12:52Z] [iter=3] Checkpoint written, exiting with code 7
[2026-04-08T13:12:52Z] [iter=3] PHASE END: enrich (checkpointed) elapsed_s=815 elapsed_min=13.6 files_completed=150
