[2026-04-08T13:17:47Z] === ENRICH ITERATION 4 START | repo=junit-team/junit4 sha=05fe2a64 ===
[2026-04-08T13:17:47Z] [iter=4] PHASE START: enrich repo=junit-team/junit4 sha=05fe2a64 runlog=/home/runner/work/forx/forx/storage/aggregate/lsp/logs/05fe2a64-enrich-iter-004.log output=/home/runner/work/forx/forx/storage/aggregate/lsp/05fe2a64f59127c02135be22f416e91260d6ede6.nq.gz
[2026-04-08T13:17:50Z] [iter=4] Step 1: Loading AST into disk-backed store mem_mb=78 MB
[2026-04-08T13:18:00Z] [iter=4] AST store loaded triples=1327351 load_secs=10 mem_mb=975 MB
[2026-04-08T13:18:00Z] [iter=4] Step 2: Finding LSP targets mem_mb=975 MB
[2026-04-08T13:18:06Z] [iter=4] LSP targets found call_sites=11318 imports=3215 extends=465 implements=0 secs=5
[2026-04-08T13:18:07Z] [iter=4] Loaded checkpoint partial graph triples=45002
[2026-04-08T13:18:13Z] [iter=4] Step 2.7: Building position index (one-shot, shared across resolvers) mem_mb=975 MB
[2026-04-08T13:18:20Z] [iter=4] Position index built positions=87536 nodes_with_types=112253 secs=8 mem_mb=975 MB
[2026-04-08T13:18:20Z] [iter=4] Step 3: Starting LSP resolution mem_mb=975 MB already_completed_types=[] already_completed_files=150
[2026-04-08T13:18:20Z] [iter=4] Resolving target type target_type=call_site count=11318
[2026-04-08T13:18:37Z] [iter=4] HEARTBEAT target_type=call_site elapsed_min=0.8 files_done=0 resolved=0 errors=0 current=src/test/java/org/junit/rules/BlockJUnit4ClassRunnerOverrideTest.java
[2026-04-08T13:19:07Z] [iter=4] HEARTBEAT target_type=call_site elapsed_min=1.3 files_done=2 resolved=4 errors=50 current=src/test/java/org/junit/tests/running/classes/ThreadsTest.java
[2026-04-08T13:19:47Z] [iter=4] HEARTBEAT target_type=call_site elapsed_min=2.0 files_done=6 resolved=24 errors=119 current=src/main/java/org/junit/internal/matchers/ThrowableCauseMatcher.java
[2026-04-08T13:20:31Z] [iter=4] HEARTBEAT target_type=call_site elapsed_min=2.7 files_done=9 resolved=36 errors=198 current=src/test/java/org/junit/tests/validation/FailedConstructionTest.java
[2026-04-08T13:21:11Z] [iter=4] HEARTBEAT target_type=call_site elapsed_min=3.4 files_done=14 resolved=55 errors=269 current=src/main/java/org/junit/validator/PublicClassValidator.java
[2026-04-08T13:21:43Z] [iter=4] HEARTBEAT target_type=call_site elapsed_min=3.9 files_done=18 resolved=78 errors=327 current=src/test/java/junit/samples/AllTests.java
[2026-04-08T13:22:15Z] [iter=4] HEARTBEAT target_type=call_site elapsed_min=4.5 files_done=24 resolved=82 errors=386 current=src/main/java/junit/framework/TestCase.java
[2026-04-08T13:22:47Z] [iter=4] HEARTBEAT target_type=call_site elapsed_min=5.0 files_done=26 resolved=91 errors=445 current=src/test/java/org/junit/tests/listening/RunnerTest.java
[2026-04-08T13:23:20Z] [iter=4] HEARTBEAT target_type=call_site elapsed_min=5.6 files_done=31 resolved=94 errors=506 current=src/test/java/org/junit/internal/runners/statements/ExpectExceptionTest.java
[2026-04-08T13:24:16Z] [iter=4] HEARTBEAT target_type=call_site elapsed_min=6.5 files_done=35 resolved=128 errors=607 current=src/main/java/org/junit/runner/Computer.java
[2026-04-08T13:24:49Z] [iter=4] HEARTBEAT target_type=call_site elapsed_min=7.0 files_done=42 resolved=134 errors=666 current=src/test/java/org/junit/internal/runners/ErrorReportingRunnerTest.java
[2026-04-08T13:25:35Z] [iter=4] HEARTBEAT target_type=call_site elapsed_min=7.8 files_done=46 resolved=156 errors=751 current=src/test/java/org/junit/runners/model/InvalidTestClassErrorTest.java
[2026-04-08T13:26:04Z] [iter=4] CHECKPOINT TRIGGERED elapsed_min=8.3 files_completed=200 new_files_this_iter=50 mem_mb=975 MB
[2026-04-08T13:26:04Z] [iter=4] Writing partial enrichment graph path=/home/runner/work/forx/forx/storage/aggregate/lsp/05fe2a64f59127c02135be22f416e91260d6ede6.nq.gz triples=50180
[2026-04-08T13:26:06Z] [iter=4] Checkpoint written, exiting with code 7
[2026-04-08T13:26:06Z] [iter=4] PHASE END: enrich (checkpointed) elapsed_s=497 elapsed_min=8.3 files_completed=200
