[2026-04-08T13:43:10Z] === ENRICH ITERATION 6 START | repo=junit-team/junit4 sha=05fe2a64 ===
[2026-04-08T13:43:10Z] [iter=6] PHASE START: enrich repo=junit-team/junit4 sha=05fe2a64 runlog=/home/runner/work/forx/forx/storage/aggregate/lsp/logs/05fe2a64-enrich-iter-006.log output=/home/runner/work/forx/forx/storage/aggregate/lsp/05fe2a64f59127c02135be22f416e91260d6ede6.nq.gz
[2026-04-08T13:43:13Z] [iter=6] Step 1: Loading AST into disk-backed store mem_mb=78 MB
[2026-04-08T13:43:23Z] [iter=6] AST store loaded triples=1327351 load_secs=9 mem_mb=977 MB
[2026-04-08T13:43:23Z] [iter=6] Step 2: Finding LSP targets mem_mb=977 MB
[2026-04-08T13:43:28Z] [iter=6] LSP targets found call_sites=11318 imports=3215 extends=465 implements=0 secs=5
[2026-04-08T13:43:30Z] [iter=6] Loaded checkpoint partial graph triples=53724
[2026-04-08T13:43:35Z] [iter=6] Step 2.7: Building position index (one-shot, shared across resolvers) mem_mb=977 MB
[2026-04-08T13:43:42Z] [iter=6] Position index built positions=87536 nodes_with_types=112253 secs=7 mem_mb=977 MB
[2026-04-08T13:43:42Z] [iter=6] Step 3: Starting LSP resolution mem_mb=977 MB already_completed_types=[] already_completed_files=250
[2026-04-08T13:43:42Z] [iter=6] Resolving target type target_type=call_site count=11318
[2026-04-08T13:43:58Z] [iter=6] HEARTBEAT target_type=call_site elapsed_min=0.8 files_done=0 resolved=0 errors=0 current=src/test/java/org/junit/samples/SimpleTest.java
[2026-04-08T13:44:28Z] [iter=6] HEARTBEAT target_type=call_site elapsed_min=1.3 files_done=4 resolved=2 errors=59 current=src/main/java/org/junit/internal/builders/IgnoredClassRunner.java
[2026-04-08T13:44:59Z] [iter=6] HEARTBEAT target_type=call_site elapsed_min=1.8 files_done=16 resolved=25 errors=124 current=src/main/java/org/junit/internal/runners/model/EachTestNotifier.java
[2026-04-08T13:45:32Z] [iter=6] HEARTBEAT target_type=call_site elapsed_min=2.4 files_done=26 resolved=38 errors=197 current=src/test/java/org/junit/tests/running/core/SystemExitTest.java
[2026-04-08T13:46:05Z] [iter=6] HEARTBEAT target_type=call_site elapsed_min=2.9 files_done=34 resolved=50 errors=272 current=src/main/java/org/junit/runner/manipulation/Filter.java
[2026-04-08T13:46:38Z] [iter=6] HEARTBEAT target_type=call_site elapsed_min=3.5 files_done=45 resolved=88 errors=345 current=src/main/java/org/junit/internal/requests/FilterRequest.java
[2026-04-08T13:46:47Z] [iter=6] CHECKPOINT TRIGGERED elapsed_min=3.6 files_completed=300 new_files_this_iter=50 mem_mb=977 MB
[2026-04-08T13:46:47Z] [iter=6] Writing partial enrichment graph path=/home/runner/work/forx/forx/storage/aggregate/lsp/05fe2a64f59127c02135be22f416e91260d6ede6.nq.gz triples=56319
[2026-04-08T13:46:48Z] [iter=6] Checkpoint written, exiting with code 7
[2026-04-08T13:46:48Z] [iter=6] PHASE END: enrich (checkpointed) elapsed_s=217 elapsed_min=3.6 files_completed=300
