[2026-04-08T14:03:20Z] === ENRICH ITERATION 9 START | repo=junit-team/junit4 sha=05fe2a64 ===
[2026-04-08T14:03:20Z] [iter=9] PHASE START: enrich repo=junit-team/junit4 sha=05fe2a64 runlog=/home/runner/work/forx/forx/storage/aggregate/lsp/logs/05fe2a64-enrich-iter-009.log output=/home/runner/work/forx/forx/storage/aggregate/lsp/05fe2a64f59127c02135be22f416e91260d6ede6.nq.gz
[2026-04-08T14:03:24Z] [iter=9] Step 1: Loading AST into disk-backed store mem_mb=78 MB
[2026-04-08T14:03:34Z] [iter=9] AST store loaded triples=1327351 load_secs=9 mem_mb=975 MB
[2026-04-08T14:03:34Z] [iter=9] Step 2: Finding LSP targets mem_mb=975 MB
[2026-04-08T14:03:39Z] [iter=9] LSP targets found call_sites=11318 imports=3215 extends=465 implements=0 secs=5
[2026-04-08T14:03:41Z] [iter=9] Loaded checkpoint partial graph triples=57478
[2026-04-08T14:03:46Z] [iter=9] Step 2.7: Building position index (one-shot, shared across resolvers) mem_mb=975 MB
[2026-04-08T14:03:54Z] [iter=9] Position index built positions=87536 nodes_with_types=112253 secs=8 mem_mb=975 MB
[2026-04-08T14:03:54Z] [iter=9] Step 3: Starting LSP resolution mem_mb=975 MB already_completed_types=['call_site'] already_completed_files=400
[2026-04-08T14:03:54Z] [iter=9] Skipping target type (completed in previous iteration) target_type=call_site
[2026-04-08T14:03:54Z] [iter=9] Resolving target type target_type=import_statement count=3215
[2026-04-08T14:04:10Z] [iter=9] HEARTBEAT target_type=import_statement elapsed_min=0.8 files_done=0 resolved=0 errors=0 current=src/test/java/org/junit/runners/parameterized/AllParameterizedTests.java
[2026-04-08T14:04:14Z] [iter=9] Target type resolved target_type=import_statement resolved=0 errors=0 secs=20 mem_mb=975 MB
[2026-04-08T14:04:14Z] [iter=9] Resolving target type target_type=extends_clause count=465
[2026-04-08T14:04:26Z] [iter=9] Target type resolved target_type=extends_clause resolved=17 errors=0 secs=11 mem_mb=975 MB
[2026-04-08T14:04:31Z] [iter=9] Step 5: Writing final enrichment file triples=66717
[2026-04-08T14:04:33Z] [iter=9] Enrichment file written path=/home/runner/work/forx/forx/storage/aggregate/lsp/05fe2a64f59127c02135be22f416e91260d6ede6.nq.gz size_kb=1767
[2026-04-08T14:04:33Z] [iter=9] Checkpoint cleared (enrichment complete)
[2026-04-08T14:04:33Z] [iter=9] PHASE END: enrich elapsed_s=73 elapsed_min=1.2 total_triples=66717
